<?xml version="1.0" encoding="UTF-8"?>
<testsuite name="com.kkw.cafekiosk.AmericanoTest" tests="3" skipped="0" failures="0" errors="0" timestamp="2024-10-25T01:41:44" hostname="kkwNewIdMacBookPro.local" time="0.088">
  <properties/>
  <testcase name="remove()" classname="com.kkw.cafekiosk.AmericanoTest" time="0.076"/>
  <testcase name="add()" classname="com.kkw.cafekiosk.AmericanoTest" time="0.005"/>
  <testcase name="test()" classname="com.kkw.cafekiosk.AmericanoTest" time="0.004"/>
  <system-out><![CDATA[test
]]></system-out>
  <system-err><![CDATA[]]></system-err>
</testsuite>
